Arguments: 
  /home/razmjo/.nvm/versions/node/v10.6.0/bin/node /usr/share/yarn/bin/yarn.js add --dev jest

PATH: 
  /home/razmjo/.nvm/versions/node/v10.6.0/bin:/home/razmjo/bin:/home/razmjo/.local/bin:/home/razmjo/bin:/home/razmjo/.local/bin:/usr/local/sbin:/usr/local/bin:/usr/sbin:/usr/bin:/sbin:/bin:/usr/games:/usr/local/games:/snap/bin

Yarn version: 
  1.9.4

Node version: 
  10.6.0

Platform: 
  linux x64

Trace: 
  Error: http://registry.npmjs.org/mkdirp/-/mkdirp-0.5.1.tgz: Request failed "503 Service Unavailable"
      at ResponseError.ExtendableBuiltin (/usr/share/yarn/lib/cli.js:218:66)
      at new ResponseError (/usr/share/yarn/lib/cli.js:324:124)
      at Request.<anonymous> (/usr/share/yarn/lib/cli.js:61013:26)
      at Request.emit (events.js:182:13)
      at Request.module.exports.Request.onRequestResponse (/usr/share/yarn/lib/cli.js:138345:10)
      at ClientRequest.emit (events.js:182:13)
      at HTTPParser.parserOnIncomingClient (_http_client.js:546:21)
      at HTTPParser.parserOnHeadersComplete (_http_common.js:109:17)
      at Socket.socketOnData (_http_client.js:432:20)
      at Socket.emit (events.js:182:13)

npm manifest: 
  {
    "name": "book-rental",
    "version": "1.0.0",
    "description": "Book rental api using nodejs which will be covered by unit testing.",
    "main": "index.js",
    "repository": "git@github.com:nimatullah/book-rental.git",
    "author": "Nimatullah Razmjo <razmjo@netlinks.ws>",
    "license": "MIT",
    "scripts": {
      "start": "node_modules/.bin/nodemon index.js"
    },
    "dependencies": {
      "express": "^4.16.3"
    },
    "devDependencies": {
      "nodemon": "^1.18.4"
    }
  }

yarn manifest: 
  No manifest

Lockfile: 
  # THIS IS AN AUTOGENERATED FILE. DO NOT EDIT THIS FILE DIRECTLY.
  # yarn lockfile v1
